{
  "RSpec": {
    "coverage": {
      "/Users/oliviacaulfield/COMS4152/restaurant-roulette/app/helpers/application_helper.rb": {
        "lines": [
          1,
          null
        ]
      },
      "/Users/oliviacaulfield/COMS4152/restaurant-roulette/app/helpers/home_helper.rb": {
        "lines": [
          1,
          null
        ]
      },
      "/Users/oliviacaulfield/COMS4152/restaurant-roulette/app/helpers/rooms_helper.rb": {
        "lines": [
          1,
          null
        ]
      },
      "/Users/oliviacaulfield/COMS4152/restaurant-roulette/app/helpers/static_pages_helper.rb": {
        "lines": [
          1,
          null
        ]
      },
      "/Users/oliviacaulfield/COMS4152/restaurant-roulette/app/helpers/users/omniauth_callbacks_helper.rb": {
        "lines": [
          1,
          null
        ]
      },
      "/Users/oliviacaulfield/COMS4152/restaurant-roulette/app/channels/room_channel.rb": {
        "lines": [
          1,
          1,
          1,
          1,
          null,
          null,
          1,
          null,
          null,
          null
        ]
      },
      "/Users/oliviacaulfield/COMS4152/restaurant-roulette/app/channels/application_cable/channel.rb": {
        "lines": [
          1,
          1,
          null,
          null
        ]
      },
      "/Users/oliviacaulfield/COMS4152/restaurant-roulette/app/controllers/rooms_controller.rb": {
        "lines": [
          1,
          1,
          1,
          null,
          1,
          1,
          1,
          null,
          null,
          1,
          4,
          4,
          4,
          4,
          null,
          null,
          1,
          null,
          0,
          null,
          null,
          null,
          null,
          null,
          null,
          null,
          0,
          null,
          null,
          1,
          1,
          1,
          null,
          null,
          1,
          6,
          6,
          6,
          6,
          6,
          null,
          6,
          6,
          6,
          null,
          null,
          6,
          null,
          null,
          6,
          6,
          null,
          0,
          null,
          null,
          6,
          null,
          null,
          6,
          6,
          null,
          0,
          null,
          6,
          null,
          null,
          6,
          null,
          null,
          null,
          null,
          null,
          6,
          null,
          null,
          6,
          null,
          5,
          5,
          null,
          1,
          1,
          1,
          1,
          1,
          1,
          1,
          null,
          null,
          null,
          null,
          1,
          5,
          null,
          5,
          1,
          1,
          1,
          4,
          1,
          1,
          1,
          1,
          null,
          null,
          3,
          null,
          3,
          2,
          null,
          1,
          1,
          null,
          null,
          1,
          1,
          null,
          null,
          1,
          1,
          null,
          1,
          null,
          null,
          1,
          1,
          1,
          null,
          null,
          null,
          1,
          7,
          7,
          7,
          7,
          7,
          7,
          null,
          null,
          7,
          null,
          7,
          null,
          null,
          7,
          1,
          1,
          1,
          null,
          null,
          6,
          1,
          1,
          1,
          null,
          null,
          5,
          1,
          1,
          1,
          null,
          null,
          4,
          1,
          1,
          1,
          null,
          null,
          null,
          3,
          0,
          0,
          0,
          null,
          null,
          null,
          3,
          null,
          null,
          3,
          3,
          null,
          3,
          null,
          null,
          null,
          null,
          1,
          null,
          null,
          null,
          1,
          2,
          null,
          2,
          null,
          2,
          null,
          0,
          null,
          null,
          null,
          1,
          3,
          null,
          3,
          null,
          2,
          null,
          null,
          null,
          null,
          null,
          null,
          null,
          null,
          null,
          null,
          null,
          null,
          2,
          null,
          1,
          null,
          null,
          null,
          null,
          1,
          2,
          null,
          2,
          null,
          null,
          2,
          null,
          2,
          null,
          null,
          null,
          null,
          2,
          null,
          null,
          null,
          null,
          null,
          null,
          0,
          null,
          null,
          null,
          null,
          1,
          1,
          null,
          1,
          1,
          1,
          null,
          1,
          1,
          1,
          null,
          0,
          0,
          null,
          null,
          null,
          null,
          1,
          1,
          null,
          1,
          1,
          1,
          1,
          null,
          1,
          1,
          null,
          null,
          null,
          null,
          1,
          null,
          null,
          1,
          1,
          null,
          1,
          1,
          null,
          null,
          1,
          null,
          0,
          null,
          null,
          null,
          null,
          1,
          1,
          1,
          1,
          null,
          0,
          null,
          null,
          null,
          null,
          1,
          null,
          2,
          2,
          1,
          1,
          null,
          0,
          0,
          0,
          null,
          null,
          null,
          2,
          null,
          null,
          2,
          null,
          null,
          null,
          null,
          null,
          0,
          null,
          null,
          null,
          1,
          null,
          null,
          null,
          null,
          1,
          null,
          1,
          24,
          null,
          0,
          0,
          0,
          null,
          0,
          null,
          null,
          1,
          10,
          null,
          null,
          10,
          0,
          0,
          null,
          null,
          10,
          10,
          null,
          null,
          null,
          1,
          3,
          null,
          null,
          null,
          null,
          null,
          null,
          null,
          null,
          null,
          1,
          0,
          null,
          null,
          null,
          0,
          null,
          null,
          null,
          1,
          2,
          null,
          null,
          null,
          null,
          2,
          null,
          null,
          null,
          null,
          null,
          null,
          null,
          1,
          1,
          null,
          null,
          null,
          null,
          null,
          null,
          1,
          1,
          null,
          null,
          null,
          null,
          null,
          null
        ]
      },
      "/Users/oliviacaulfield/COMS4152/restaurant-roulette/app/controllers/application_controller.rb": {
        "lines": [
          1,
          null,
          1,
          null,
          null,
          null,
          null,
          null,
          null,
          null,
          null
        ]
      },
      "/Users/oliviacaulfield/COMS4152/restaurant-roulette/app/controllers/solo_spin_controller.rb": {
        "lines": [
          1,
          1,
          1,
          null,
          1,
          4,
          null,
          null,
          1,
          6,
          6,
          6,
          6,
          null,
          6,
          null,
          null,
          null,
          null,
          null,
          null,
          6,
          5,
          null,
          null,
          null,
          null,
          null,
          1,
          null,
          null,
          null,
          null,
          null,
          null,
          1,
          7,
          null,
          7,
          1,
          1,
          null,
          null,
          6,
          null,
          null,
          null,
          null,
          6,
          4,
          null,
          null,
          4,
          2,
          null,
          0,
          null,
          null,
          null,
          null,
          1,
          null,
          1,
          null,
          9,
          null,
          null,
          null,
          null,
          null,
          9,
          null,
          null,
          8,
          null,
          null,
          null,
          null,
          null,
          8,
          null,
          null,
          7,
          null,
          null,
          null,
          null,
          null,
          7,
          null,
          null,
          7,
          null,
          null,
          null,
          null,
          null,
          7,
          null,
          null,
          6,
          null,
          null,
          null,
          null,
          null,
          6,
          null,
          null,
          6,
          null,
          null,
          null,
          null,
          null,
          6,
          null,
          null,
          5,
          null,
          null,
          null,
          null,
          null,
          5,
          null,
          null,
          5,
          null,
          null,
          null,
          null,
          null,
          5,
          null,
          null,
          4,
          null,
          null,
          null,
          null,
          null,
          4,
          null,
          null,
          4,
          null,
          null,
          null,
          null,
          null,
          4,
          null,
          null,
          3,
          null,
          null,
          null,
          null,
          null,
          3,
          null,
          null,
          3,
          null,
          null,
          null,
          null,
          null,
          3,
          null,
          null,
          3,
          null,
          null,
          null,
          null,
          null,
          3,
          null,
          null,
          2,
          2,
          null,
          1,
          null,
          null,
          1,
          9,
          null,
          9,
          5,
          null,
          null,
          null,
          null,
          null,
          9,
          null,
          9,
          9,
          9,
          null,
          4,
          null,
          null,
          null,
          9,
          null,
          0,
          0,
          0,
          0,
          null,
          null,
          null,
          null,
          9,
          null,
          null
        ]
      },
      "/Users/oliviacaulfield/COMS4152/restaurant-roulette/app/controllers/user_histories_controller.rb": {
        "lines": [
          1,
          1,
          null,
          1,
          5,
          5,
          5,
          null,
          null,
          1,
          4,
          4,
          null,
          4,
          3,
          3,
          null,
          1,
          null,
          null,
          null
        ]
      },
      "/Users/oliviacaulfield/COMS4152/restaurant-roulette/app/controllers/users/omniauth_callbacks_controller.rb": {
        "lines": [
          1,
          1,
          6,
          null,
          null,
          6,
          6,
          6,
          6,
          6,
          6,
          6,
          null,
          6,
          6,
          null,
          6,
          null,
          6,
          6,
          6,
          null,
          0,
          0,
          0,
          null,
          null,
          null,
          1,
          2,
          2,
          2,
          2,
          2,
          2,
          2,
          2,
          null,
          2,
          null,
          null
        ]
      },
      "/Users/oliviacaulfield/COMS4152/restaurant-roulette/app/controllers/users/registrations_controller.rb": {
        "lines": [
          1,
          1,
          null,
          1,
          11,
          null,
          11,
          null,
          11,
          5,
          5,
          5,
          5,
          null,
          0,
          0,
          0,
          null,
          null,
          6,
          6,
          6,
          null,
          null,
          null,
          1,
          null,
          1,
          12,
          null,
          null,
          1,
          6,
          null,
          null
        ]
      },
      "/Users/oliviacaulfield/COMS4152/restaurant-roulette/app/controllers/users/sessions_controller.rb": {
        "lines": [
          1,
          1,
          null,
          1,
          20,
          null,
          20,
          null,
          null,
          1,
          2,
          null,
          null
        ]
      },
      "/Users/oliviacaulfield/COMS4152/restaurant-roulette/app/models/restaurant.rb": {
        "lines": [
          null,
          null,
          1,
          1,
          1,
          null,
          1,
          null,
          1,
          null,
          1,
          null,
          1,
          3,
          null,
          null,
          1,
          21,
          null,
          null,
          1,
          0,
          null,
          null,
          112,
          3,
          null,
          1,
          4,
          null,
          null,
          1,
          9,
          18,
          null,
          null,
          1,
          0,
          0,
          null,
          null,
          1,
          0,
          0,
          null,
          null
        ]
      },
      "/Users/oliviacaulfield/COMS4152/restaurant-roulette/app/models/application_record.rb": {
        "lines": [
          1,
          1,
          null
        ]
      },
      "/Users/oliviacaulfield/COMS4152/restaurant-roulette/app/models/room.rb": {
        "lines": [
          1,
          null,
          1,
          null,
          null,
          null,
          1,
          null,
          null,
          1,
          null,
          null,
          null,
          1,
          null,
          null,
          null,
          null,
          1,
          null,
          null,
          null,
          1,
          null,
          null,
          null,
          null,
          null,
          null,
          null,
          null,
          1,
          1,
          null,
          1,
          15,
          null,
          null,
          15,
          null,
          null,
          null,
          null,
          null,
          null,
          null,
          null,
          null,
          15,
          15,
          15,
          null,
          15,
          null,
          null,
          1,
          null,
          25,
          null,
          null,
          null,
          null,
          null,
          25,
          25,
          14,
          null,
          null,
          25,
          null,
          null,
          1,
          16,
          null,
          6,
          4,
          null,
          null,
          1,
          9,
          null,
          null,
          8,
          8,
          2,
          null,
          null,
          8,
          8,
          8,
          8,
          null,
          8,
          null,
          null,
          1,
          21,
          18,
          null,
          null,
          1,
          8,
          6,
          null,
          null,
          1,
          3,
          null,
          null,
          1,
          9,
          9,
          null,
          null,
          7,
          7,
          7,
          7,
          7,
          7,
          null,
          0,
          0,
          null,
          0,
          0,
          0,
          0,
          0,
          null,
          null,
          null,
          7,
          null,
          null,
          null,
          null,
          null,
          null,
          7,
          7,
          null,
          7,
          0,
          null,
          null,
          null,
          null,
          7,
          null,
          null,
          null,
          null,
          null,
          null,
          null,
          7,
          null,
          null,
          7,
          null,
          7,
          7,
          null,
          null,
          1,
          9,
          null,
          null,
          9,
          null,
          8,
          null,
          null,
          9,
          null,
          null,
          1,
          3,
          null,
          null,
          1,
          30,
          null,
          null,
          1,
          51,
          null,
          null,
          1,
          14,
          null,
          null,
          13,
          17,
          17,
          null,
          null,
          null,
          null,
          13,
          13,
          null,
          null,
          13,
          13,
          null,
          13,
          null,
          null,
          1,
          24,
          null,
          null,
          24,
          48,
          null,
          0,
          null,
          null,
          null,
          1,
          16,
          14,
          null,
          13,
          0,
          0,
          null,
          null,
          13,
          13,
          null,
          null,
          null,
          null,
          null,
          13,
          null,
          null,
          1,
          10,
          null,
          null,
          9,
          null,
          null,
          9,
          1,
          1,
          null,
          null,
          null,
          8,
          8,
          null,
          8,
          null,
          8,
          8,
          null,
          null,
          0,
          0,
          null,
          null,
          null,
          1,
          2,
          null,
          null,
          1,
          4,
          null,
          null,
          1,
          0,
          null,
          null,
          1,
          8,
          null,
          16,
          16,
          null,
          8,
          8,
          8,
          8,
          8,
          null,
          16,
          null,
          8,
          null,
          null,
          null,
          1,
          13,
          null,
          8,
          8,
          8,
          8,
          8,
          null,
          null,
          8,
          null,
          8,
          16,
          null,
          8,
          0,
          0,
          null,
          8,
          8,
          null,
          null,
          8,
          8,
          null,
          8,
          null,
          null,
          null,
          null,
          null,
          null,
          null,
          null,
          null,
          null,
          null,
          8,
          8,
          null,
          null,
          1,
          1,
          null,
          1,
          1,
          3,
          null,
          3,
          3,
          null,
          null,
          1,
          null,
          null,
          1,
          0,
          0,
          null,
          0,
          0,
          0,
          null,
          0,
          null,
          null,
          null,
          null,
          null,
          null,
          null,
          null,
          0,
          0,
          null,
          null,
          null,
          null,
          1,
          5,
          null,
          null,
          5,
          null,
          null,
          5,
          5,
          5,
          5,
          5,
          5,
          5,
          5,
          null,
          5,
          null,
          null,
          1,
          1,
          null,
          1,
          null,
          null,
          1,
          1,
          null,
          null,
          1,
          0,
          null,
          null,
          null,
          1,
          0,
          0,
          null,
          0,
          0,
          null,
          0,
          null,
          null,
          null,
          null,
          1,
          null,
          1,
          266,
          3,
          null,
          null,
          null,
          1,
          9,
          9,
          null,
          0,
          null,
          null,
          null,
          1,
          115,
          null,
          8,
          8,
          8,
          null,
          null,
          null,
          1,
          107,
          107,
          107,
          107,
          107,
          107,
          107,
          null,
          null,
          1,
          null,
          2,
          null,
          null,
          null,
          null,
          null,
          2,
          null,
          null,
          1,
          null,
          null,
          null,
          null,
          null,
          1,
          null,
          null,
          1,
          null,
          null,
          null,
          null,
          null,
          1,
          null,
          null,
          1,
          null,
          null,
          null,
          null,
          null,
          1,
          null,
          null,
          1,
          null,
          null,
          null,
          null,
          null,
          1,
          null,
          null,
          1,
          null,
          null,
          null,
          null,
          null,
          1,
          null,
          null,
          1,
          null,
          null,
          null,
          null,
          null,
          1,
          null,
          null,
          1,
          null,
          null,
          null,
          null,
          null,
          1,
          null,
          null,
          1,
          null,
          null,
          null,
          null,
          null,
          1,
          null,
          null,
          1,
          null,
          null,
          null,
          null,
          null,
          1,
          null,
          null,
          1,
          null,
          null,
          null,
          null,
          null,
          1,
          null,
          null,
          1,
          null,
          null,
          null,
          null,
          null,
          1,
          null,
          null,
          1,
          null,
          null,
          null,
          null,
          null,
          1,
          null,
          null,
          1,
          1,
          null,
          0,
          null,
          null,
          1,
          null,
          0,
          null,
          null,
          0,
          0,
          null,
          null,
          null,
          null,
          null,
          null,
          0,
          null,
          null,
          0,
          null,
          null,
          0,
          null,
          null,
          0,
          0,
          null,
          0,
          null,
          null,
          0,
          0,
          0,
          null,
          null,
          null,
          null,
          null,
          null,
          0,
          0,
          null,
          null,
          null,
          0,
          0,
          0,
          null,
          0,
          null,
          null,
          0,
          0,
          null,
          null,
          null,
          null,
          0,
          0,
          null,
          null,
          null,
          null,
          null,
          0,
          null,
          null,
          1,
          null,
          1,
          1,
          null,
          null,
          1,
          1,
          1,
          1,
          1,
          1,
          null,
          null,
          1,
          null,
          null,
          null,
          1,
          1,
          1,
          1,
          null,
          null,
          null
        ]
      },
      "/Users/oliviacaulfield/COMS4152/restaurant-roulette/app/models/user_restaurant_history.rb": {
        "lines": [
          1,
          1,
          1,
          null,
          1,
          1,
          1,
          null,
          7,
          null
        ]
      },
      "/Users/oliviacaulfield/COMS4152/restaurant-roulette/app/models/user.rb": {
        "lines": [
          1,
          null,
          null,
          1,
          null,
          null,
          null,
          null,
          1,
          1,
          null,
          null,
          1,
          1,
          null,
          null,
          1,
          null,
          null,
          1,
          4,
          null,
          null,
          1,
          2,
          null,
          null,
          null,
          1,
          8,
          6,
          6,
          6,
          6,
          6,
          null,
          null,
          null,
          1,
          null,
          1,
          3,
          3,
          null,
          null
        ]
      },
      "/Users/oliviacaulfield/COMS4152/restaurant-roulette/app/services/restaurant_service.rb": {
        "lines": [
          null,
          null,
          1,
          null,
          1,
          86,
          null,
          null,
          86,
          null,
          null,
          86,
          17,
          39,
          39,
          null,
          17,
          null,
          null,
          null,
          86,
          null,
          null,
          431,
          null,
          null,
          null,
          1,
          58,
          null,
          null,
          null,
          null,
          null,
          58,
          null,
          null,
          null,
          1,
          28,
          null,
          null,
          28,
          null,
          28,
          2,
          4,
          4,
          null,
          2,
          null,
          null,
          28,
          null,
          null,
          28,
          null,
          null,
          28,
          null,
          96,
          null,
          null,
          null,
          1,
          25,
          null,
          null,
          1,
          null,
          null,
          1,
          null,
          433,
          null,
          null,
          null,
          null,
          null,
          null,
          null,
          null,
          null,
          null,
          null,
          null,
          null,
          null,
          null
        ]
      }
    },
    "timestamp": 1765580257
  }
}
