{
  "RSpec": {
    "coverage": {
      "/Users/hoveida/Documents/GitHub/restaurant-roulette/app/helpers/application_helper.rb": {
        "lines": [
          1,
          null
        ]
      },
      "/Users/hoveida/Documents/GitHub/restaurant-roulette/app/helpers/home_helper.rb": {
        "lines": [
          1,
          null
        ]
      },
      "/Users/hoveida/Documents/GitHub/restaurant-roulette/app/helpers/rooms_helper.rb": {
        "lines": [
          1,
          null
        ]
      },
      "/Users/hoveida/Documents/GitHub/restaurant-roulette/app/helpers/static_pages_helper.rb": {
        "lines": [
          1,
          null
        ]
      },
      "/Users/hoveida/Documents/GitHub/restaurant-roulette/app/helpers/users/omniauth_callbacks_helper.rb": {
        "lines": [
          1,
          null
        ]
      },
      "/Users/hoveida/Documents/GitHub/restaurant-roulette/app/channels/room_channel.rb": {
        "lines": [
          1,
          1,
          1,
          1,
          null,
          null,
          1,
          null,
          null,
          null
        ]
      },
      "/Users/hoveida/Documents/GitHub/restaurant-roulette/app/channels/application_cable/channel.rb": {
        "lines": [
          1,
          1,
          null,
          null
        ]
      },
      "/Users/hoveida/Documents/GitHub/restaurant-roulette/app/controllers/rooms_controller.rb": {
        "lines": [
          1,
          1,
          1,
          null,
          1,
          0,
          0,
          null,
          null,
          1,
          5,
          5,
          5,
          5,
          null,
          null,
          1,
          0,
          0,
          null,
          null,
          1,
          13,
          13,
          13,
          13,
          null,
          null,
          13,
          null,
          null,
          13,
          12,
          null,
          1,
          null,
          null,
          null,
          13,
          null,
          null,
          null,
          null,
          null,
          null,
          13,
          null,
          10,
          10,
          null,
          3,
          3,
          3,
          3,
          3,
          3,
          null,
          null,
          null,
          null,
          1,
          6,
          null,
          6,
          1,
          1,
          1,
          5,
          2,
          2,
          2,
          2,
          null,
          null,
          3,
          null,
          3,
          2,
          null,
          1,
          1,
          null,
          null,
          1,
          1,
          null,
          null,
          1,
          1,
          null,
          1,
          null,
          null,
          1,
          1,
          1,
          null,
          null,
          null,
          1,
          12,
          10,
          10,
          10,
          10,
          null,
          null,
          10,
          null,
          null,
          10,
          6,
          6,
          6,
          null,
          null,
          4,
          4,
          4,
          4,
          null,
          null,
          0,
          0,
          0,
          0,
          null,
          null,
          0,
          0,
          0,
          0,
          null,
          null,
          null,
          0,
          null,
          null,
          0,
          0,
          null,
          0,
          null,
          null,
          null,
          null,
          1,
          null,
          null,
          null,
          1,
          0,
          null,
          0,
          null,
          0,
          null,
          0,
          null,
          null,
          null,
          1,
          6,
          null,
          6,
          6,
          6,
          null,
          null,
          0,
          null,
          0,
          null,
          0,
          null,
          null,
          0,
          0,
          null,
          null,
          0,
          null,
          null,
          null,
          null,
          null,
          null,
          0,
          null,
          null,
          null,
          null,
          1,
          0,
          null,
          0,
          null,
          null,
          0,
          null,
          0,
          null,
          null,
          null,
          null,
          0,
          null,
          null,
          null,
          null,
          null,
          null,
          0,
          null,
          null,
          null,
          null,
          1,
          0,
          null,
          0,
          0,
          null,
          null,
          null,
          null,
          null,
          0,
          null,
          null,
          null,
          null,
          null,
          null,
          null,
          1,
          0,
          0,
          null,
          0,
          null,
          null,
          null,
          null,
          1,
          0,
          0,
          0,
          null,
          0,
          null,
          null,
          null,
          null,
          1,
          null,
          0,
          0,
          0,
          0,
          0,
          0,
          null,
          null,
          null,
          0,
          null,
          null,
          0,
          null,
          null,
          null,
          null,
          null,
          0,
          null,
          null,
          null,
          0,
          null,
          null,
          null,
          null,
          1,
          null,
          1,
          22,
          null,
          2,
          0,
          0,
          null,
          2,
          null,
          null,
          1,
          8,
          null,
          null,
          8,
          0,
          0,
          null,
          null,
          8,
          8,
          null,
          null,
          null,
          1,
          0,
          null,
          null,
          null,
          null,
          null,
          null,
          null,
          null,
          null,
          1,
          0,
          null,
          null,
          null,
          0,
          null,
          null,
          null,
          1,
          0,
          null,
          null,
          null,
          null,
          0,
          null,
          null,
          null,
          null,
          null,
          null,
          null,
          1,
          0,
          null,
          null,
          null,
          null,
          null,
          null,
          1,
          0,
          null,
          null,
          null,
          null,
          null,
          null
        ]
      },
      "/Users/hoveida/Documents/GitHub/restaurant-roulette/app/controllers/application_controller.rb": {
        "lines": [
          1,
          null,
          1,
          null,
          null,
          null,
          null,
          null,
          null,
          null,
          null
        ]
      },
      "/Users/hoveida/Documents/GitHub/restaurant-roulette/app/controllers/solo_spin_controller.rb": {
        "lines": [
          1,
          1,
          1,
          13,
          null,
          null,
          1,
          0,
          0,
          0,
          null,
          0,
          null,
          null,
          null,
          null,
          null,
          0,
          0,
          null,
          null,
          null,
          null,
          null,
          0,
          null,
          null,
          null,
          null,
          null,
          null,
          1,
          null,
          1,
          0,
          0,
          null,
          0,
          0,
          null,
          0,
          0,
          null,
          0,
          0,
          null,
          0,
          0,
          null,
          0,
          0,
          null,
          0,
          0,
          null,
          0,
          0,
          null,
          0,
          null,
          null,
          null,
          null,
          1,
          0,
          null,
          0,
          0,
          null,
          null,
          null,
          null,
          null,
          0,
          null,
          0,
          null,
          null,
          null,
          null,
          null,
          0,
          0,
          null,
          0,
          null,
          null,
          null,
          0,
          null,
          null
        ]
      },
      "/Users/hoveida/Documents/GitHub/restaurant-roulette/app/controllers/users/registrations_controller.rb": {
        "lines": [
          1,
          1,
          null,
          1,
          15,
          null,
          15,
          null,
          15,
          4,
          4,
          4,
          4,
          null,
          0,
          0,
          0,
          null,
          null,
          11,
          11,
          11,
          null,
          null,
          null,
          1,
          null,
          1,
          15,
          null,
          null,
          1,
          4,
          null,
          null
        ]
      },
      "/Users/hoveida/Documents/GitHub/restaurant-roulette/app/controllers/users/sessions_controller.rb": {
        "lines": [
          1,
          1,
          null,
          1,
          20,
          null,
          20,
          null,
          null,
          1,
          2,
          null,
          null
        ]
      },
      "/Users/hoveida/Documents/GitHub/restaurant-roulette/app/models/restaurant.rb": {
        "lines": [
          null,
          null,
          1,
          1,
          1,
          null,
          1,
          null,
          1,
          null,
          1,
          null,
          1,
          3,
          null,
          null,
          1,
          21,
          null,
          null,
          112,
          3,
          null,
          1,
          4,
          null,
          null,
          1,
          9,
          18,
          null,
          null
        ]
      },
      "/Users/hoveida/Documents/GitHub/restaurant-roulette/app/models/application_record.rb": {
        "lines": [
          1,
          1,
          null
        ]
      },
      "/Users/hoveida/Documents/GitHub/restaurant-roulette/app/models/room.rb": {
        "lines": [
          1,
          null,
          1,
          null,
          null,
          1,
          null,
          null,
          1,
          null,
          null,
          null,
          1,
          null,
          null,
          null,
          null,
          null,
          1,
          null,
          null,
          null,
          null,
          null,
          null,
          null,
          null,
          1,
          1,
          null,
          1,
          10,
          null,
          null,
          10,
          null,
          null,
          null,
          null,
          null,
          null,
          null,
          null,
          10,
          10,
          10,
          null,
          10,
          null,
          null,
          1,
          null,
          5,
          null,
          null,
          null,
          null,
          null,
          5,
          5,
          5,
          null,
          null,
          5,
          null,
          null,
          1,
          0,
          null,
          0,
          0,
          null,
          null,
          1,
          0,
          null,
          null,
          0,
          0,
          0,
          null,
          null,
          0,
          0,
          0,
          0,
          null,
          0,
          null,
          null,
          1,
          0,
          0,
          null,
          null,
          1,
          0,
          0,
          null,
          null,
          1,
          0,
          null,
          null,
          1,
          0,
          0,
          null,
          null,
          0,
          0,
          0,
          0,
          0,
          null,
          0,
          0,
          null,
          0,
          0,
          0,
          0,
          null,
          null,
          null,
          0,
          null,
          null,
          null,
          null,
          null,
          0,
          0,
          null,
          0,
          0,
          null,
          null,
          null,
          null,
          0,
          null,
          null,
          null,
          null,
          null,
          null,
          null,
          0,
          null,
          null,
          0,
          null,
          0,
          0,
          null,
          null,
          1,
          0,
          null,
          null,
          0,
          null,
          0,
          null,
          null,
          0,
          null,
          null,
          1,
          0,
          null,
          null,
          1,
          0,
          null,
          null,
          1,
          0,
          null,
          null,
          1,
          0,
          null,
          null,
          0,
          0,
          0,
          null,
          null,
          null,
          null,
          0,
          0,
          null,
          null,
          0,
          0,
          null,
          0,
          null,
          null,
          1,
          0,
          null,
          null,
          0,
          0,
          null,
          0,
          null,
          null,
          null,
          1,
          0,
          0,
          null,
          null,
          0,
          null,
          null,
          0,
          null,
          null,
          null,
          null,
          null,
          0,
          null,
          null,
          1,
          0,
          0,
          null,
          0,
          0,
          null,
          null,
          0,
          null,
          null,
          1,
          0,
          null,
          null,
          1,
          0,
          null,
          null,
          1,
          0,
          null,
          null,
          1,
          0,
          null,
          0,
          0,
          null,
          0,
          0,
          0,
          0,
          0,
          null,
          0,
          null,
          0,
          null,
          null,
          null,
          1,
          0,
          null,
          0,
          0,
          0,
          0,
          0,
          null,
          null,
          0,
          null,
          0,
          0,
          null,
          0,
          0,
          0,
          null,
          0,
          0,
          null,
          null,
          0,
          0,
          null,
          0,
          null,
          null,
          null,
          null,
          null,
          null,
          null,
          null,
          null,
          null,
          null,
          0,
          0,
          null,
          null,
          1,
          0,
          null,
          0,
          0,
          0,
          0,
          null,
          null,
          0,
          null,
          null,
          1,
          0,
          0,
          null,
          0,
          0,
          0,
          null,
          0,
          null,
          null,
          null,
          null,
          null,
          null,
          null,
          null,
          0,
          0,
          null,
          null,
          null,
          null,
          1,
          0,
          null,
          null,
          0,
          null,
          null,
          0,
          0,
          0,
          0,
          0,
          0,
          0,
          0,
          null,
          0,
          null,
          null,
          1,
          null,
          1,
          3,
          3,
          null,
          0,
          null,
          null,
          null,
          1,
          69,
          null,
          15,
          15,
          15,
          null,
          null,
          null,
          1,
          52,
          52,
          52,
          52,
          52,
          52,
          52,
          null,
          null,
          1,
          null,
          0,
          0,
          null,
          null,
          0,
          0,
          null,
          null,
          0,
          0,
          null,
          null,
          0,
          0,
          null,
          null,
          0,
          0,
          null,
          null,
          0,
          0,
          null,
          null,
          0,
          0,
          null,
          null,
          0,
          0,
          null,
          0,
          null,
          null,
          1,
          0,
          null,
          0,
          0,
          null,
          null,
          null,
          null,
          null,
          0,
          null,
          0,
          0,
          0,
          0,
          null,
          null,
          0,
          null,
          null
        ]
      },
      "/Users/hoveida/Documents/GitHub/restaurant-roulette/app/models/user.rb": {
        "lines": [
          1,
          null,
          null,
          1,
          null,
          null,
          null,
          null,
          1,
          1,
          null,
          null,
          1,
          null,
          null,
          1,
          4,
          null,
          null,
          1,
          2,
          null,
          null,
          null,
          1,
          1,
          1,
          1,
          1,
          1,
          1,
          null,
          null,
          null,
          1,
          null,
          1,
          3,
          3,
          null,
          null
        ]
      },
      "/Users/hoveida/Documents/GitHub/restaurant-roulette/app/services/restaurant_service.rb": {
        "lines": [
          null,
          null,
          1,
          null,
          1,
          86,
          null,
          null,
          86,
          null,
          null,
          86,
          17,
          39,
          39,
          null,
          17,
          null,
          null,
          null,
          86,
          null,
          null,
          431,
          null,
          null,
          null,
          1,
          58,
          null,
          null,
          null,
          null,
          null,
          58,
          null,
          null,
          null,
          1,
          28,
          null,
          null,
          28,
          null,
          28,
          2,
          4,
          4,
          null,
          2,
          null,
          null,
          28,
          null,
          null,
          28,
          null,
          null,
          28,
          null,
          96,
          null,
          null,
          null,
          1,
          25,
          null,
          null,
          1,
          null,
          null,
          1,
          null,
          433,
          null,
          null,
          null,
          null,
          null,
          null,
          null,
          null,
          null,
          null,
          null,
          null,
          null,
          null,
          null
        ]
      },
      "/Users/hoveida/Documents/GitHub/restaurant-roulette/app/controllers/users/omniauth_callbacks_controller.rb": {
        "lines": [
          1,
          1,
          1,
          null,
          null,
          1,
          1,
          1,
          1,
          1,
          1,
          1,
          null,
          1,
          1,
          null,
          1,
          null,
          1,
          1,
          1,
          null,
          0,
          0,
          0,
          null,
          null,
          null,
          1,
          0,
          0,
          0,
          0,
          0,
          0,
          0,
          0,
          null,
          0,
          null,
          null
        ]
      }
    },
    "timestamp": 1764184365
  }
}
