{
  "RSpec": {
    "coverage": {
      "/Users/benji/Desktop/columbia/saas/restaurant-roulette/app/helpers/application_helper.rb": {
        "lines": [
          1,
          null
        ]
      },
      "/Users/benji/Desktop/columbia/saas/restaurant-roulette/app/helpers/home_helper.rb": {
        "lines": [
          1,
          null
        ]
      },
      "/Users/benji/Desktop/columbia/saas/restaurant-roulette/app/helpers/rooms_helper.rb": {
        "lines": [
          1,
          null
        ]
      },
      "/Users/benji/Desktop/columbia/saas/restaurant-roulette/app/helpers/static_pages_helper.rb": {
        "lines": [
          1,
          null
        ]
      },
      "/Users/benji/Desktop/columbia/saas/restaurant-roulette/app/controllers/rooms_controller.rb": {
        "lines": [
          1,
          1,
          6,
          6,
          6,
          6,
          null,
          null,
          1,
          13,
          13,
          13,
          13,
          null,
          null,
          13,
          null,
          null,
          13,
          12,
          null,
          1,
          null,
          null,
          null,
          13,
          null,
          null,
          null,
          null,
          null,
          null,
          13,
          10,
          null,
          null,
          3,
          3,
          3,
          3,
          3,
          3,
          null,
          null,
          null,
          null,
          1,
          3,
          null,
          null,
          1,
          6,
          6,
          1,
          1,
          1,
          null,
          5,
          2,
          2,
          2,
          2,
          null,
          null,
          null,
          3,
          null,
          3,
          2,
          1,
          null,
          1,
          null,
          null,
          1,
          1,
          1,
          null,
          null,
          null,
          1,
          2,
          null,
          2,
          0,
          null,
          0,
          0,
          0,
          0,
          null,
          null,
          0,
          0,
          null,
          null,
          null
        ]
      },
      "/Users/benji/Desktop/columbia/saas/restaurant-roulette/app/controllers/application_controller.rb": {
        "lines": [
          1,
          null,
          1,
          null,
          null,
          null,
          null,
          null,
          null,
          null,
          null
        ]
      },
      "/Users/benji/Desktop/columbia/saas/restaurant-roulette/app/controllers/solo_spin_controller.rb": {
        "lines": [
          null,
          1,
          1,
          13,
          null,
          null,
          13,
          13,
          13,
          13,
          null,
          null,
          13,
          null,
          5,
          3,
          null,
          2,
          null,
          null,
          5,
          null,
          null,
          null,
          null,
          null,
          null,
          null
        ]
      },
      "/Users/benji/Desktop/columbia/saas/restaurant-roulette/app/controllers/users/registrations_controller.rb": {
        "lines": [
          1,
          1,
          null,
          1,
          15,
          null,
          15,
          null,
          15,
          4,
          4,
          4,
          4,
          null,
          0,
          0,
          0,
          null,
          null,
          11,
          11,
          11,
          null,
          null,
          null,
          1,
          null,
          1,
          15,
          null,
          null,
          1,
          4,
          null,
          null
        ]
      },
      "/Users/benji/Desktop/columbia/saas/restaurant-roulette/app/controllers/users/sessions_controller.rb": {
        "lines": [
          1,
          1,
          null,
          1,
          20,
          null,
          20,
          null,
          null,
          1,
          2,
          null,
          null
        ]
      },
      "/Users/benji/Desktop/columbia/saas/restaurant-roulette/app/models/restaurant.rb": {
        "lines": [
          null,
          null,
          1,
          1,
          1,
          null,
          1,
          null,
          1,
          null,
          1,
          null,
          1,
          3,
          null,
          null,
          1,
          3,
          null,
          null,
          1,
          3,
          null,
          1,
          4,
          null,
          null,
          1,
          9,
          18,
          null,
          null
        ]
      },
      "/Users/benji/Desktop/columbia/saas/restaurant-roulette/app/models/application_record.rb": {
        "lines": [
          1,
          1,
          null
        ]
      },
      "/Users/benji/Desktop/columbia/saas/restaurant-roulette/app/models/room.rb": {
        "lines": [
          1,
          null,
          1,
          null,
          null,
          1,
          null,
          null,
          1,
          null,
          null,
          null,
          null,
          1,
          null,
          null,
          null,
          1,
          null,
          null,
          1,
          1,
          null,
          1,
          0,
          0,
          0,
          null,
          null,
          1,
          0,
          0,
          0,
          null,
          0,
          null,
          null,
          1,
          null,
          1,
          0,
          0,
          null,
          0,
          null,
          null,
          null,
          1,
          22,
          null,
          14,
          14,
          14,
          null,
          null,
          null,
          1,
          17,
          null,
          null
        ]
      },
      "/Users/benji/Desktop/columbia/saas/restaurant-roulette/app/models/user.rb": {
        "lines": [
          1,
          null,
          null,
          1,
          null,
          null,
          null,
          1,
          1,
          null,
          null,
          1,
          null,
          null,
          1,
          4,
          null,
          null,
          1,
          2,
          null,
          null,
          1,
          null,
          1,
          3,
          3,
          null,
          null
        ]
      },
      "/Users/benji/Desktop/columbia/saas/restaurant-roulette/app/services/restaurant_service.rb": {
        "lines": [
          null,
          null,
          1,
          null,
          1,
          0,
          null,
          null,
          0,
          null,
          null,
          0,
          0,
          0,
          0,
          null,
          0,
          null,
          null,
          null,
          0,
          null,
          null,
          0,
          null,
          null,
          null,
          1,
          0,
          null,
          null,
          null,
          null,
          null,
          0,
          null,
          null,
          null,
          1,
          0,
          null,
          null,
          0,
          null,
          0,
          0,
          0,
          0,
          null,
          0,
          null,
          null,
          0,
          null,
          null,
          0,
          null,
          null,
          0,
          null,
          0,
          null,
          null,
          null,
          1,
          0,
          null,
          null,
          1,
          null,
          null,
          1,
          null,
          0,
          null,
          null,
          null,
          null,
          null,
          null,
          null,
          null,
          null,
          null,
          null,
          null,
          null,
          null,
          null
        ]
      },
      "/Users/benji/Desktop/columbia/saas/restaurant-roulette/app/controllers/static_pages_controller.rb": {
        "lines": [
          0,
          0,
          0,
          0
        ],
        "branches": {}
      }
    },
    "timestamp": 1762715363
  },
  "Cucumber Features": {
    "coverage": {
      "/Users/celinelee/Desktop/Columbia/MS/ESaaS/restaurant-roulette/app/models/restaurant.rb": {
        "lines": [
          null,
          null,
          1,
          1,
          1,
          null,
          1,
          null,
          1,
          null,
          1,
          null,
          1,
          0,
          null,
          null,
          1,
          0,
          null,
          null,
          1,
          1,
          null,
          1,
          0,
          null,
          null,
          1,
          0,
          0,
          null,
          null
        ]
      },
      "/Users/celinelee/Desktop/Columbia/MS/ESaaS/restaurant-roulette/app/models/application_record.rb": {
        "lines": [
          1,
          1,
          null
        ]
      },
      "/Users/celinelee/Desktop/Columbia/MS/ESaaS/restaurant-roulette/app/services/restaurant_service.rb": {
        "lines": [
          null,
          null,
          1,
          null,
          1,
          0,
          null,
          null,
          0,
          null,
          null,
          0,
          0,
          0,
          0,
          null,
          0,
          null,
          null,
          null,
          0,
          null,
          null,
          0,
          null,
          null,
          null,
          1,
          0,
          null,
          null,
          null,
          null,
          null,
          0,
          null,
          null,
          null,
          1,
          0,
          null,
          null,
          0,
          null,
          0,
          0,
          0,
          0,
          null,
          0,
          null,
          null,
          0,
          null,
          null,
          0,
          null,
          null,
          0,
          null,
          0,
          null,
          null,
          null,
          1,
          0,
          null,
          null,
          1,
          null,
          null,
          1,
          null,
          0,
          null,
          null,
          null,
          null,
          null,
          null,
          null,
          null,
          null,
          null,
          null,
          null,
          null,
          null,
          null
        ]
      },
      "/Users/celinelee/Desktop/Columbia/MS/ESaaS/restaurant-roulette/app/models/user.rb": {
        "lines": [
          1,
          null,
          null,
          1,
          null,
          null,
          null,
          1,
          1,
          null,
          null,
          1,
          null,
          null,
          1,
          0,
          null,
          null,
          1,
          0,
          null,
          null,
          1,
          null,
          1,
          0,
          0,
          null,
          null
        ]
      },
      "/Users/celinelee/Desktop/Columbia/MS/ESaaS/restaurant-roulette/app/channels/application_cable/channel.rb": {
        "lines": [
          0,
          0,
          0,
          0
        ],
        "branches": {}
      },
      "/Users/celinelee/Desktop/Columbia/MS/ESaaS/restaurant-roulette/app/channels/application_cable/connection.rb": {
        "lines": [
          0,
          0,
          0,
          0
        ],
        "branches": {}
      },
      "/Users/celinelee/Desktop/Columbia/MS/ESaaS/restaurant-roulette/app/channels/room_channel.rb": {
        "lines": [
          0,
          0,
          0,
          0,
          0,
          null,
          0,
          null,
          0,
          0
        ],
        "branches": {}
      },
      "/Users/celinelee/Desktop/Columbia/MS/ESaaS/restaurant-roulette/app/controllers/application_controller.rb": {
        "lines": [
          0,
          null,
          0,
          null,
          null,
          null,
          null,
          null,
          null,
          null,
          0
        ],
        "branches": {}
      },
      "/Users/celinelee/Desktop/Columbia/MS/ESaaS/restaurant-roulette/app/controllers/rooms_controller.rb": {
        "lines": [
          0,
          0,
          null,
          0,
          0,
          0,
          0,
          0,
          0,
          null,
          0,
          0,
          0,
          0,
          0,
          null,
          null,
          0,
          null,
          null,
          0,
          0,
          0,
          0,
          0,
          null,
          null,
          0,
          0,
          0,
          0,
          0,
          0,
          null,
          0,
          0,
          0,
          null,
          0,
          0,
          0,
          0,
          0,
          0,
          0,
          0,
          null,
          null,
          0,
          0,
          null,
          0,
          0,
          0,
          0,
          0,
          0,
          0,
          0,
          0,
          null,
          0,
          0,
          0,
          0,
          0,
          0,
          null,
          0,
          0,
          0,
          0,
          0,
          null,
          0,
          null,
          0,
          null,
          0,
          0,
          0,
          0,
          0,
          0,
          0,
          0,
          0,
          0,
          0,
          0,
          null,
          0,
          0,
          null,
          0,
          0,
          null,
          0,
          0,
          0,
          0,
          0,
          null,
          null,
          0,
          0,
          null,
          null,
          0,
          null,
          0,
          0,
          0,
          null,
          0,
          0,
          null,
          null,
          0,
          null,
          null,
          0,
          0,
          null,
          0,
          0,
          0,
          0,
          0,
          0,
          null,
          null,
          0,
          0,
          0,
          0,
          null,
          0,
          null,
          0,
          0,
          0,
          null,
          null,
          0,
          0,
          0,
          0,
          null,
          0,
          0,
          0,
          0,
          0,
          0,
          0,
          0,
          0,
          null,
          null,
          0,
          0,
          0,
          0,
          0,
          0,
          0,
          0,
          0,
          0,
          0,
          null,
          null,
          0,
          0,
          null,
          null,
          0,
          0,
          0,
          0,
          null,
          null,
          0,
          0,
          0
        ],
        "branches": {}
      },
      "/Users/celinelee/Desktop/Columbia/MS/ESaaS/restaurant-roulette/app/controllers/solo_spin_controller.rb": {
        "lines": [
          null,
          0,
          0,
          0,
          null,
          null,
          0,
          0,
          0,
          0,
          null,
          null,
          0,
          null,
          0,
          0,
          0,
          0,
          0,
          null,
          0,
          0,
          0,
          0,
          0,
          0,
          0,
          0
        ],
        "branches": {}
      },
      "/Users/celinelee/Desktop/Columbia/MS/ESaaS/restaurant-roulette/app/controllers/static_pages_controller.rb": {
        "lines": [
          0,
          0,
          0,
          0
        ],
        "branches": {}
      },
      "/Users/celinelee/Desktop/Columbia/MS/ESaaS/restaurant-roulette/app/controllers/users/registrations_controller.rb": {
        "lines": [
          0,
          0,
          null,
          0,
          0,
          null,
          0,
          null,
          0,
          0,
          0,
          0,
          0,
          0,
          0,
          0,
          0,
          0,
          0,
          0,
          0,
          0,
          0,
          0,
          null,
          0,
          null,
          0,
          0,
          0,
          null,
          0,
          0,
          0,
          0
        ],
        "branches": {}
      },
      "/Users/celinelee/Desktop/Columbia/MS/ESaaS/restaurant-roulette/app/controllers/users/sessions_controller.rb": {
        "lines": [
          0,
          0,
          null,
          0,
          0,
          null,
          0,
          0,
          null,
          0,
          0,
          0,
          0
        ],
        "branches": {}
      },
      "/Users/celinelee/Desktop/Columbia/MS/ESaaS/restaurant-roulette/app/controllers/votes_controller.rb": {
        "lines": [
          0,
          0,
          null,
          0,
          0,
          null,
          0,
          0,
          0,
          0,
          0,
          null,
          0,
          null,
          0,
          0,
          0,
          0,
          null,
          0,
          0,
          0,
          0,
          null,
          0,
          0,
          0,
          0,
          0,
          0,
          0,
          0,
          0,
          0,
          0,
          null,
          0,
          null,
          0,
          0,
          0,
          0
        ],
        "branches": {}
      },
      "/Users/celinelee/Desktop/Columbia/MS/ESaaS/restaurant-roulette/app/helpers/application_helper.rb": {
        "lines": [
          0,
          0
        ],
        "branches": {}
      },
      "/Users/celinelee/Desktop/Columbia/MS/ESaaS/restaurant-roulette/app/helpers/home_helper.rb": {
        "lines": [
          0,
          0
        ],
        "branches": {}
      },
      "/Users/celinelee/Desktop/Columbia/MS/ESaaS/restaurant-roulette/app/helpers/rooms_helper.rb": {
        "lines": [
          0,
          0
        ],
        "branches": {}
      },
      "/Users/celinelee/Desktop/Columbia/MS/ESaaS/restaurant-roulette/app/helpers/static_pages_helper.rb": {
        "lines": [
          0,
          0
        ],
        "branches": {}
      },
      "/Users/celinelee/Desktop/Columbia/MS/ESaaS/restaurant-roulette/app/helpers/votes_helper.rb": {
        "lines": [
          0,
          0
        ],
        "branches": {}
      },
      "/Users/celinelee/Desktop/Columbia/MS/ESaaS/restaurant-roulette/app/models/room.rb": {
        "lines": [
          0,
          null,
          0,
          0,
          0,
          0,
          0,
          0,
          0,
          0,
          null,
          null,
          null,
          0,
          0,
          0,
          null,
          0,
          null,
          null,
          0,
          0,
          null,
          0,
          null,
          0,
          0,
          0,
          0,
          0,
          null,
          0,
          0,
          0,
          0,
          0,
          0,
          0,
          null,
          0,
          0,
          0,
          0,
          0,
          0,
          null,
          0,
          null,
          null,
          0,
          null,
          null,
          0,
          0,
          0,
          null,
          null,
          0,
          null,
          0,
          0,
          0,
          null,
          null,
          0,
          null,
          0,
          0,
          0,
          0,
          0,
          0,
          0,
          null,
          0,
          0,
          null,
          0,
          0,
          0,
          0,
          0,
          null,
          0,
          0,
          0,
          0
        ],
        "branches": {}
      },
      "/Users/celinelee/Desktop/Columbia/MS/ESaaS/restaurant-roulette/app/models/vote.rb": {
        "lines": [
          0,
          0,
          null,
          0,
          0,
          0
        ],
        "branches": {}
      }
    },
    "timestamp": 1762981062
  }
}
