{
  "RSpec": {
    "coverage": {
      "/Users/oliviacaulfield/COMS4152/restaurant-roulette/app/helpers/application_helper.rb": {
        "lines": [
          1,
          null
        ]
      },
      "/Users/oliviacaulfield/COMS4152/restaurant-roulette/app/helpers/home_helper.rb": {
        "lines": [
          1,
          null
        ]
      },
      "/Users/oliviacaulfield/COMS4152/restaurant-roulette/app/helpers/rooms_helper.rb": {
        "lines": [
          1,
          null
        ]
      },
      "/Users/oliviacaulfield/COMS4152/restaurant-roulette/app/helpers/static_pages_helper.rb": {
        "lines": [
          1,
          null
        ]
      },
      "/Users/oliviacaulfield/COMS4152/restaurant-roulette/app/helpers/users/omniauth_callbacks_helper.rb": {
        "lines": [
          1,
          null
        ]
      },
      "/Users/oliviacaulfield/COMS4152/restaurant-roulette/app/channels/room_channel.rb": {
        "lines": [
          1,
          1,
          1,
          1,
          null,
          null,
          1,
          null,
          null,
          null
        ]
      },
      "/Users/oliviacaulfield/COMS4152/restaurant-roulette/app/channels/application_cable/channel.rb": {
        "lines": [
          1,
          1,
          null,
          null
        ]
      },
      "/Users/oliviacaulfield/COMS4152/restaurant-roulette/app/controllers/rooms_controller.rb": {
        "lines": [
          1,
          1,
          6,
          6,
          6,
          6,
          null,
          null,
          1,
          13,
          13,
          13,
          13,
          null,
          null,
          13,
          null,
          null,
          13,
          12,
          null,
          1,
          null,
          null,
          null,
          13,
          null,
          null,
          null,
          null,
          null,
          null,
          13,
          10,
          null,
          null,
          3,
          3,
          3,
          3,
          3,
          3,
          null,
          null,
          null,
          null,
          1,
          3,
          null,
          null,
          1,
          6,
          6,
          1,
          1,
          1,
          null,
          5,
          2,
          2,
          2,
          2,
          null,
          null,
          null,
          3,
          null,
          3,
          2,
          1,
          null,
          1,
          null,
          null,
          1,
          1,
          1,
          null,
          null,
          null,
          1,
          12,
          null,
          12,
          10,
          null,
          10,
          6,
          6,
          6,
          null,
          null,
          4,
          4,
          null,
          null,
          null,
          1,
          0,
          0,
          null,
          0,
          null,
          0,
          null,
          null,
          null,
          null,
          0,
          null,
          0,
          null,
          null,
          null
        ]
      },
      "/Users/oliviacaulfield/COMS4152/restaurant-roulette/app/controllers/application_controller.rb": {
        "lines": [
          1,
          null,
          1,
          null,
          null,
          null,
          null,
          null,
          null,
          null,
          null
        ]
      },
      "/Users/oliviacaulfield/COMS4152/restaurant-roulette/app/controllers/solo_spin_controller.rb": {
        "lines": [
          null,
          1,
          1,
          13,
          null,
          null,
          13,
          13,
          13,
          13,
          null,
          null,
          13,
          null,
          5,
          3,
          null,
          2,
          null,
          null,
          5,
          null,
          null,
          null,
          null,
          null,
          null,
          null
        ]
      },
      "/Users/oliviacaulfield/COMS4152/restaurant-roulette/app/controllers/users/registrations_controller.rb": {
        "lines": [
          1,
          1,
          null,
          1,
          15,
          null,
          15,
          null,
          15,
          4,
          4,
          4,
          4,
          null,
          0,
          0,
          0,
          null,
          null,
          11,
          11,
          11,
          null,
          null,
          null,
          1,
          null,
          1,
          15,
          null,
          null,
          1,
          4,
          null,
          null
        ]
      },
      "/Users/oliviacaulfield/COMS4152/restaurant-roulette/app/controllers/users/sessions_controller.rb": {
        "lines": [
          1,
          1,
          null,
          1,
          20,
          null,
          20,
          null,
          null,
          1,
          2,
          null,
          null
        ]
      },
      "/Users/oliviacaulfield/COMS4152/restaurant-roulette/app/models/restaurant.rb": {
        "lines": [
          null,
          null,
          1,
          1,
          1,
          null,
          1,
          null,
          1,
          null,
          1,
          null,
          1,
          3,
          null,
          null,
          1,
          3,
          null,
          null,
          1,
          3,
          null,
          1,
          4,
          null,
          null,
          1,
          9,
          18,
          null,
          null
        ]
      },
      "/Users/oliviacaulfield/COMS4152/restaurant-roulette/app/models/application_record.rb": {
        "lines": [
          1,
          1,
          null
        ]
      },
      "/Users/oliviacaulfield/COMS4152/restaurant-roulette/app/models/room.rb": {
        "lines": [
          1,
          null,
          1,
          null,
          null,
          1,
          null,
          null,
          1,
          null,
          null,
          null,
          null,
          1,
          null,
          null,
          null,
          1,
          null,
          null,
          1,
          1,
          null,
          1,
          4,
          4,
          4,
          null,
          null,
          1,
          1,
          1,
          1,
          null,
          3,
          null,
          null,
          1,
          0,
          null,
          null,
          null,
          null,
          null,
          0,
          0,
          0,
          0,
          null,
          null,
          null,
          null,
          null,
          1,
          null,
          1,
          2,
          2,
          null,
          0,
          null,
          null,
          null,
          1,
          32,
          null,
          14,
          14,
          14,
          null,
          null,
          null,
          1,
          27,
          null,
          null
        ]
      },
      "/Users/oliviacaulfield/COMS4152/restaurant-roulette/app/models/user.rb": {
        "lines": [
          1,
          null,
          null,
          1,
          null,
          null,
          null,
          null,
          1,
          1,
          null,
          null,
          1,
          null,
          null,
          1,
          4,
          null,
          null,
          1,
          2,
          null,
          null,
          null,
          1,
          0,
          0,
          0,
          0,
          0,
          0,
          null,
          null,
          null,
          1,
          null,
          1,
          3,
          3,
          null,
          null
        ]
      },
      "/Users/oliviacaulfield/COMS4152/restaurant-roulette/app/services/restaurant_service.rb": {
        "lines": [
          null,
          null,
          1,
          null,
          1,
          0,
          null,
          null,
          0,
          null,
          null,
          0,
          0,
          0,
          0,
          null,
          0,
          null,
          null,
          null,
          0,
          null,
          null,
          0,
          null,
          null,
          null,
          1,
          0,
          null,
          null,
          null,
          null,
          null,
          0,
          null,
          null,
          null,
          1,
          0,
          null,
          null,
          0,
          null,
          0,
          0,
          0,
          0,
          null,
          0,
          null,
          null,
          0,
          null,
          null,
          0,
          null,
          null,
          0,
          null,
          0,
          null,
          null,
          null,
          1,
          0,
          null,
          null,
          1,
          null,
          null,
          1,
          null,
          0,
          null,
          null,
          null,
          null,
          null,
          null,
          null,
          null,
          null,
          null,
          null,
          null,
          null,
          null,
          null
        ]
      },
      "/Users/oliviacaulfield/COMS4152/restaurant-roulette/app/channels/application_cable/connection.rb": {
        "lines": [
          0,
          0,
          0,
          0
        ],
        "branches": {}
      },
      "/Users/oliviacaulfield/COMS4152/restaurant-roulette/app/controllers/static_pages_controller.rb": {
        "lines": [
          0,
          0,
          0,
          0
        ],
        "branches": {}
      },
      "/Users/oliviacaulfield/COMS4152/restaurant-roulette/app/controllers/users/omniauth_callbacks_controller.rb": {
        "lines": [
          0,
          null,
          null,
          null,
          0,
          0,
          null,
          0,
          0,
          0,
          0,
          0,
          0,
          0,
          0,
          null,
          0,
          0,
          0,
          0
        ],
        "branches": {}
      }
    },
    "timestamp": 1762904527
  },
  "Cucumber Features": {
    "coverage": {
      "/Users/oliviacaulfield/COMS4152/restaurant-roulette/app/models/restaurant.rb": {
        "lines": [
          null,
          null,
          1,
          1,
          1,
          null,
          1,
          null,
          1,
          null,
          1,
          null,
          1,
          0,
          null,
          null,
          1,
          15,
          null,
          null,
          20,
          1,
          null,
          1,
          0,
          null,
          null,
          1,
          0,
          0,
          null,
          null
        ]
      },
      "/Users/oliviacaulfield/COMS4152/restaurant-roulette/app/models/application_record.rb": {
        "lines": [
          1,
          1,
          null
        ]
      },
      "/Users/oliviacaulfield/COMS4152/restaurant-roulette/app/services/restaurant_service.rb": {
        "lines": [
          null,
          null,
          1,
          null,
          1,
          16,
          null,
          null,
          16,
          null,
          null,
          16,
          10,
          22,
          22,
          null,
          10,
          null,
          null,
          null,
          16,
          null,
          null,
          119,
          null,
          null,
          null,
          1,
          5,
          null,
          null,
          null,
          null,
          null,
          5,
          null,
          null,
          null,
          1,
          3,
          null,
          null,
          3,
          null,
          3,
          3,
          12,
          12,
          null,
          3,
          null,
          null,
          3,
          null,
          null,
          3,
          null,
          null,
          3,
          null,
          6,
          null,
          null,
          null,
          1,
          252,
          null,
          null,
          1,
          null,
          null,
          1,
          null,
          346,
          null,
          null,
          null,
          null,
          null,
          null,
          null,
          null,
          null,
          null,
          null,
          null,
          null,
          null,
          null
        ]
      },
      "/Users/oliviacaulfield/COMS4152/restaurant-roulette/app/models/user.rb": {
        "lines": [
          1,
          null,
          null,
          1,
          null,
          null,
          null,
          null,
          1,
          1,
          null,
          null,
          1,
          null,
          null,
          1,
          50,
          null,
          null,
          1,
          0,
          null,
          null,
          null,
          1,
          0,
          0,
          0,
          0,
          0,
          0,
          null,
          null,
          null,
          1,
          null,
          1,
          0,
          0,
          null,
          null
        ]
      },
      "/Users/oliviacaulfield/COMS4152/restaurant-roulette/app/controllers/static_pages_controller.rb": {
        "lines": [
          1,
          1,
          null,
          null
        ]
      },
      "/Users/oliviacaulfield/COMS4152/restaurant-roulette/app/controllers/application_controller.rb": {
        "lines": [
          1,
          null,
          1,
          null,
          null,
          null,
          null,
          null,
          null,
          null,
          null
        ]
      },
      "/Users/oliviacaulfield/COMS4152/restaurant-roulette/app/helpers/application_helper.rb": {
        "lines": [
          1,
          null
        ]
      },
      "/Users/oliviacaulfield/COMS4152/restaurant-roulette/app/helpers/home_helper.rb": {
        "lines": [
          1,
          null
        ]
      },
      "/Users/oliviacaulfield/COMS4152/restaurant-roulette/app/helpers/rooms_helper.rb": {
        "lines": [
          1,
          null
        ]
      },
      "/Users/oliviacaulfield/COMS4152/restaurant-roulette/app/helpers/static_pages_helper.rb": {
        "lines": [
          1,
          null
        ]
      },
      "/Users/oliviacaulfield/COMS4152/restaurant-roulette/app/helpers/users/omniauth_callbacks_helper.rb": {
        "lines": [
          1,
          null
        ]
      },
      "/Users/oliviacaulfield/COMS4152/restaurant-roulette/app/controllers/users/sessions_controller.rb": {
        "lines": [
          1,
          1,
          null,
          1,
          20,
          null,
          20,
          null,
          null,
          1,
          20,
          null,
          null
        ]
      },
      "/Users/oliviacaulfield/COMS4152/restaurant-roulette/app/channels/application_cable/connection.rb": {
        "lines": [
          1,
          1,
          null,
          null
        ]
      },
      "/Users/oliviacaulfield/COMS4152/restaurant-roulette/app/channels/room_channel.rb": {
        "lines": [
          1,
          1,
          13,
          13,
          null,
          null,
          1,
          null,
          null,
          null
        ]
      },
      "/Users/oliviacaulfield/COMS4152/restaurant-roulette/app/channels/application_cable/channel.rb": {
        "lines": [
          1,
          1,
          null,
          null
        ]
      },
      "/Users/oliviacaulfield/COMS4152/restaurant-roulette/app/controllers/users/registrations_controller.rb": {
        "lines": [
          1,
          1,
          null,
          1,
          6,
          null,
          6,
          null,
          6,
          0,
          0,
          0,
          0,
          null,
          0,
          0,
          0,
          null,
          null,
          6,
          6,
          6,
          null,
          null,
          null,
          1,
          null,
          1,
          6,
          null,
          null,
          1,
          0,
          null,
          null
        ]
      },
      "/Users/oliviacaulfield/COMS4152/restaurant-roulette/app/controllers/solo_spin_controller.rb": {
        "lines": [
          null,
          1,
          1,
          15,
          null,
          null,
          15,
          15,
          15,
          15,
          null,
          null,
          15,
          null,
          4,
          4,
          null,
          0,
          null,
          null,
          4,
          null,
          null,
          null,
          null,
          null,
          null,
          null
        ]
      },
      "/Users/oliviacaulfield/COMS4152/restaurant-roulette/app/controllers/rooms_controller.rb": {
        "lines": [
          1,
          1,
          17,
          17,
          17,
          17,
          null,
          null,
          1,
          6,
          6,
          6,
          6,
          null,
          null,
          6,
          null,
          null,
          6,
          2,
          null,
          4,
          null,
          null,
          null,
          6,
          null,
          null,
          null,
          null,
          null,
          null,
          6,
          2,
          null,
          null,
          4,
          4,
          4,
          4,
          4,
          4,
          null,
          null,
          null,
          null,
          1,
          9,
          null,
          null,
          1,
          5,
          5,
          1,
          1,
          1,
          null,
          4,
          1,
          1,
          1,
          1,
          null,
          null,
          null,
          3,
          null,
          3,
          2,
          1,
          null,
          1,
          null,
          null,
          1,
          1,
          1,
          null,
          null,
          null,
          1,
          1,
          null,
          1,
          0,
          null,
          0,
          0,
          0,
          0,
          null,
          null,
          0,
          0,
          null,
          null,
          null,
          1,
          0,
          0,
          null,
          0,
          null,
          0,
          null,
          null,
          null,
          null,
          0,
          null,
          0,
          null,
          null,
          null
        ]
      },
      "/Users/oliviacaulfield/COMS4152/restaurant-roulette/app/models/room.rb": {
        "lines": [
          1,
          null,
          1,
          null,
          null,
          1,
          null,
          null,
          1,
          null,
          null,
          null,
          null,
          1,
          null,
          null,
          null,
          1,
          null,
          null,
          1,
          1,
          null,
          1,
          0,
          0,
          0,
          null,
          null,
          1,
          36,
          36,
          0,
          null,
          72,
          null,
          null,
          1,
          0,
          null,
          null,
          null,
          null,
          null,
          0,
          0,
          0,
          0,
          null,
          null,
          null,
          null,
          null,
          1,
          null,
          1,
          36,
          36,
          null,
          0,
          null,
          null,
          null,
          1,
          14,
          null,
          6,
          6,
          6,
          null,
          null,
          null,
          1,
          10,
          null,
          null
        ]
      },
      "/Users/oliviacaulfield/COMS4152/restaurant-roulette/app/controllers/users/omniauth_callbacks_controller.rb": {
        "lines": [
          0,
          null,
          null,
          null,
          0,
          0,
          null,
          0,
          0,
          0,
          0,
          0,
          0,
          0,
          0,
          null,
          0,
          0,
          0,
          0
        ],
        "branches": {}
      }
    },
    "timestamp": 1762904583
  }
}
